Building DAG of jobs...
Using shell: /usr/bin/bash
Provided cluster nodes: 4
Job counts:
	count	jobs
	1	all
	2	bam2bigwig_CPM
	2	bam2bigwig_RPKM
	5

[Wed Nov 18 01:57:31 2020]
rule bam2bigwig_RPKM:
    input: ../bam/20201117-293T-WGS_.DigenomeSeq_EMX1_Aligned_sortp.mapped_F1804_MAPQ20_rmdup.bam
    output: ../bigwig/DigenomeSeq_EMX1.RPKM.bw
    jobid: 1
    reason: Missing output files: ../bigwig/DigenomeSeq_EMX1.RPKM.bw
    wildcards: sample=EMX1


        /home/zhaohuanan/zhaohn_HD/miniconda3/bin/bamCoverage --bam ../bam/20201117-293T-WGS_.DigenomeSeq_EMX1_Aligned_sortp.mapped_F1804_MAPQ20_rmdup.bam -o ../bigwig/DigenomeSeq_EMX1.RPKM.bw -of bigwig --scaleFactor 1 --binSize 10 -p 24 --normalizeUsing RPKM
        
Submitted job 1 with external jobid '191539'.

[Wed Nov 18 01:57:32 2020]
rule bam2bigwig_CPM:
    input: ../bam/20201117-293T-WGS_.DigenomeSeq_EMX1_Aligned_sortp.mapped_F1804_MAPQ20_rmdup.bam
    output: ../bigwig/DigenomeSeq_EMX1.CPM.bw
    jobid: 3
    reason: Missing output files: ../bigwig/DigenomeSeq_EMX1.CPM.bw
    wildcards: sample=EMX1


        /home/zhaohuanan/zhaohn_HD/miniconda3/bin/bamCoverage --bam ../bam/20201117-293T-WGS_.DigenomeSeq_EMX1_Aligned_sortp.mapped_F1804_MAPQ20_rmdup.bam -o ../bigwig/DigenomeSeq_EMX1.CPM.bw -of bigwig --scaleFactor 1 --binSize 10 -p 24 --normalizeUsing CPM
        
Submitted job 3 with external jobid '191540'.

[Wed Nov 18 01:57:32 2020]
rule bam2bigwig_CPM:
    input: ../bam/20201117-293T-WGS_.DigenomeSeq_HEK4_Aligned_sortp.mapped_F1804_MAPQ20_rmdup.bam
    output: ../bigwig/DigenomeSeq_HEK4.CPM.bw
    jobid: 4
    reason: Missing output files: ../bigwig/DigenomeSeq_HEK4.CPM.bw
    wildcards: sample=HEK4


        /home/zhaohuanan/zhaohn_HD/miniconda3/bin/bamCoverage --bam ../bam/20201117-293T-WGS_.DigenomeSeq_HEK4_Aligned_sortp.mapped_F1804_MAPQ20_rmdup.bam -o ../bigwig/DigenomeSeq_HEK4.CPM.bw -of bigwig --scaleFactor 1 --binSize 10 -p 24 --normalizeUsing CPM
        
Submitted job 4 with external jobid '191541'.

[Wed Nov 18 01:57:32 2020]
rule bam2bigwig_RPKM:
    input: ../bam/20201117-293T-WGS_.DigenomeSeq_HEK4_Aligned_sortp.mapped_F1804_MAPQ20_rmdup.bam
    output: ../bigwig/DigenomeSeq_HEK4.RPKM.bw
    jobid: 2
    reason: Missing output files: ../bigwig/DigenomeSeq_HEK4.RPKM.bw
    wildcards: sample=HEK4


        /home/zhaohuanan/zhaohn_HD/miniconda3/bin/bamCoverage --bam ../bam/20201117-293T-WGS_.DigenomeSeq_HEK4_Aligned_sortp.mapped_F1804_MAPQ20_rmdup.bam -o ../bigwig/DigenomeSeq_HEK4.RPKM.bw -of bigwig --scaleFactor 1 --binSize 10 -p 24 --normalizeUsing RPKM
        
Submitted job 2 with external jobid '191542'.
[Wed Nov 18 02:36:37 2020]
Finished job 4.
1 of 5 steps (20%) done
[Wed Nov 18 02:36:48 2020]
Finished job 1.
2 of 5 steps (40%) done
[Wed Nov 18 02:38:11 2020]
Finished job 3.
3 of 5 steps (60%) done
[Wed Nov 18 03:13:22 2020]
Finished job 2.
4 of 5 steps (80%) done

[Wed Nov 18 03:13:22 2020]
localrule all:
    input: ../bam/20201117-293T-WGS_.DigenomeSeq_EMX1_Aligned_sortp.mapped_F1804_MAPQ20_rmdup.bam, ../bam/20201117-293T-WGS_.DigenomeSeq_HEK4_Aligned_sortp.mapped_F1804_MAPQ20_rmdup.bam, ../bigwig/DigenomeSeq_EMX1.RPKM.bw, ../bigwig/DigenomeSeq_HEK4.RPKM.bw, ../bigwig/DigenomeSeq_EMX1.CPM.bw, ../bigwig/DigenomeSeq_HEK4.CPM.bw
    jobid: 0
    reason: Input files updated by another job: ../bigwig/DigenomeSeq_HEK4.CPM.bw, ../bigwig/DigenomeSeq_EMX1.RPKM.bw, ../bigwig/DigenomeSeq_EMX1.CPM.bw, ../bigwig/DigenomeSeq_HEK4.RPKM.bw

[Wed Nov 18 03:13:22 2020]
Finished job 0.
5 of 5 steps (100%) done
Complete log: /gpfs/user/zhaohuanan/3.project/22.2020-11_1112_JSK_DigenomeSeq_WGS/snakepipes_WGS-BWAmapping/.snakemake/log/2020-11-18T015731.696723.snakemake.log
