Building DAG of jobs...
Using shell: /usr/bin/bash
Provided cluster nodes: 4
Job counts:
	count	jobs
	2	BAM_index
	1	all
	3

[Tue Nov 17 20:24:47 2020]
rule BAM_index:
    input: ../bam/20201117-293T-WGS_.DigenomeSeq_HEK4_Aligned_sortp.mapped_F1804_MAPQ20.bam
    output: ../bam/20201117-293T-WGS_.DigenomeSeq_HEK4_Aligned_sortp.mapped_F1804_MAPQ20_rmdup.bam, ../bam/20201117-293T-WGS_.DigenomeSeq_HEK4_Aligned_sortp.mapped_F1804_MAPQ20_rmdup.bam.bai
    jobid: 19
    reason: Missing output files: ../bam/20201117-293T-WGS_.DigenomeSeq_HEK4_Aligned_sortp.mapped_F1804_MAPQ20_rmdup.bam, ../bam/20201117-293T-WGS_.DigenomeSeq_HEK4_Aligned_sortp.mapped_F1804_MAPQ20_rmdup.bam.bai
    wildcards: date=20201117, cell=293T, seq=WGS, sample=DigenomeSeq_HEK4


        /home/zhaohuanan/zhaohn_HD/miniconda3/bin/sambamba markdup --remove-duplicates --nthreads= 24 --show-progress  --sort-buffer-size 8192         ../bam/20201117-293T-WGS_.DigenomeSeq_HEK4_Aligned_sortp.mapped_F1804_MAPQ20.bam ../bam/20201117-293T-WGS_.DigenomeSeq_HEK4_Aligned_sortp.mapped_F1804_MAPQ20_rmdup.bam ../bam/20201117-293T-WGS_.DigenomeSeq_HEK4_Aligned_sortp.mapped_F1804_MAPQ20_rmdup.bam.bai
        
Submitted job 19 with external jobid '191493'.

[Tue Nov 17 20:24:47 2020]
rule BAM_index:
    input: ../bam/20201117-293T-WGS_.DigenomeSeq_EMX1_Aligned_sortp.mapped_F1804_MAPQ20.bam
    output: ../bam/20201117-293T-WGS_.DigenomeSeq_EMX1_Aligned_sortp.mapped_F1804_MAPQ20_rmdup.bam, ../bam/20201117-293T-WGS_.DigenomeSeq_EMX1_Aligned_sortp.mapped_F1804_MAPQ20_rmdup.bam.bai
    jobid: 17
    reason: Missing output files: ../bam/20201117-293T-WGS_.DigenomeSeq_EMX1_Aligned_sortp.mapped_F1804_MAPQ20_rmdup.bam, ../bam/20201117-293T-WGS_.DigenomeSeq_EMX1_Aligned_sortp.mapped_F1804_MAPQ20_rmdup.bam.bai
    wildcards: date=20201117, cell=293T, seq=WGS, sample=DigenomeSeq_EMX1


        /home/zhaohuanan/zhaohn_HD/miniconda3/bin/sambamba markdup --remove-duplicates --nthreads= 24 --show-progress  --sort-buffer-size 8192         ../bam/20201117-293T-WGS_.DigenomeSeq_EMX1_Aligned_sortp.mapped_F1804_MAPQ20.bam ../bam/20201117-293T-WGS_.DigenomeSeq_EMX1_Aligned_sortp.mapped_F1804_MAPQ20_rmdup.bam ../bam/20201117-293T-WGS_.DigenomeSeq_EMX1_Aligned_sortp.mapped_F1804_MAPQ20_rmdup.bam.bai
        
Submitted job 17 with external jobid '191494'.
[Tue Nov 17 20:24:56 2020]
Error in rule BAM_index:
    jobid: 19
    output: ../bam/20201117-293T-WGS_.DigenomeSeq_HEK4_Aligned_sortp.mapped_F1804_MAPQ20_rmdup.bam, ../bam/20201117-293T-WGS_.DigenomeSeq_HEK4_Aligned_sortp.mapped_F1804_MAPQ20_rmdup.bam.bai
    shell:
        
        /home/zhaohuanan/zhaohn_HD/miniconda3/bin/sambamba markdup --remove-duplicates --nthreads= 24 --show-progress  --sort-buffer-size 8192         ../bam/20201117-293T-WGS_.DigenomeSeq_HEK4_Aligned_sortp.mapped_F1804_MAPQ20.bam ../bam/20201117-293T-WGS_.DigenomeSeq_HEK4_Aligned_sortp.mapped_F1804_MAPQ20_rmdup.bam ../bam/20201117-293T-WGS_.DigenomeSeq_HEK4_Aligned_sortp.mapped_F1804_MAPQ20_rmdup.bam.bai
        
        (one of the commands exited with non-zero exit code; note that snakemake uses bash strict mode!)
    cluster_jobid: 191493

Error executing rule BAM_index on cluster (jobid: 19, external: 191493, jobscript: /gpfs/user/zhaohuanan/3.project/22.2020-11_1112_JSK_DigenomeSeq_WGS/snakepipes_WGS-BWAmapping/.snakemake/tmp.pj493_fi/snakejob.BAM_index.19.sh). For error details see the cluster log and the log files of the involved rule(s).
Trying to restart job 19.

[Tue Nov 17 20:24:57 2020]
rule BAM_index:
    input: ../bam/20201117-293T-WGS_.DigenomeSeq_HEK4_Aligned_sortp.mapped_F1804_MAPQ20.bam
    output: ../bam/20201117-293T-WGS_.DigenomeSeq_HEK4_Aligned_sortp.mapped_F1804_MAPQ20_rmdup.bam, ../bam/20201117-293T-WGS_.DigenomeSeq_HEK4_Aligned_sortp.mapped_F1804_MAPQ20_rmdup.bam.bai
    jobid: 19
    reason: Missing output files: ../bam/20201117-293T-WGS_.DigenomeSeq_HEK4_Aligned_sortp.mapped_F1804_MAPQ20_rmdup.bam, ../bam/20201117-293T-WGS_.DigenomeSeq_HEK4_Aligned_sortp.mapped_F1804_MAPQ20_rmdup.bam.bai
    wildcards: date=20201117, cell=293T, seq=WGS, sample=DigenomeSeq_HEK4


        /home/zhaohuanan/zhaohn_HD/miniconda3/bin/sambamba markdup --remove-duplicates --nthreads= 24 --show-progress  --sort-buffer-size 8192         ../bam/20201117-293T-WGS_.DigenomeSeq_HEK4_Aligned_sortp.mapped_F1804_MAPQ20.bam ../bam/20201117-293T-WGS_.DigenomeSeq_HEK4_Aligned_sortp.mapped_F1804_MAPQ20_rmdup.bam ../bam/20201117-293T-WGS_.DigenomeSeq_HEK4_Aligned_sortp.mapped_F1804_MAPQ20_rmdup.bam.bai
        
[Tue Nov 17 20:24:57 2020]
Error in rule BAM_index:
    jobid: 17
    output: ../bam/20201117-293T-WGS_.DigenomeSeq_EMX1_Aligned_sortp.mapped_F1804_MAPQ20_rmdup.bam, ../bam/20201117-293T-WGS_.DigenomeSeq_EMX1_Aligned_sortp.mapped_F1804_MAPQ20_rmdup.bam.bai
    shell:
        
        /home/zhaohuanan/zhaohn_HD/miniconda3/bin/sambamba markdup --remove-duplicates --nthreads= 24 --show-progress  --sort-buffer-size 8192         ../bam/20201117-293T-WGS_.DigenomeSeq_EMX1_Aligned_sortp.mapped_F1804_MAPQ20.bam ../bam/20201117-293T-WGS_.DigenomeSeq_EMX1_Aligned_sortp.mapped_F1804_MAPQ20_rmdup.bam ../bam/20201117-293T-WGS_.DigenomeSeq_EMX1_Aligned_sortp.mapped_F1804_MAPQ20_rmdup.bam.bai
        
        (one of the commands exited with non-zero exit code; note that snakemake uses bash strict mode!)
    cluster_jobid: 191494

Error executing rule BAM_index on cluster (jobid: 17, external: 191494, jobscript: /gpfs/user/zhaohuanan/3.project/22.2020-11_1112_JSK_DigenomeSeq_WGS/snakepipes_WGS-BWAmapping/.snakemake/tmp.pj493_fi/snakejob.BAM_index.17.sh). For error details see the cluster log and the log files of the involved rule(s).
Trying to restart job 17.
Submitted job 19 with external jobid '191495'.

[Tue Nov 17 20:24:57 2020]
rule BAM_index:
    input: ../bam/20201117-293T-WGS_.DigenomeSeq_EMX1_Aligned_sortp.mapped_F1804_MAPQ20.bam
    output: ../bam/20201117-293T-WGS_.DigenomeSeq_EMX1_Aligned_sortp.mapped_F1804_MAPQ20_rmdup.bam, ../bam/20201117-293T-WGS_.DigenomeSeq_EMX1_Aligned_sortp.mapped_F1804_MAPQ20_rmdup.bam.bai
    jobid: 17
    reason: Missing output files: ../bam/20201117-293T-WGS_.DigenomeSeq_EMX1_Aligned_sortp.mapped_F1804_MAPQ20_rmdup.bam, ../bam/20201117-293T-WGS_.DigenomeSeq_EMX1_Aligned_sortp.mapped_F1804_MAPQ20_rmdup.bam.bai
    wildcards: date=20201117, cell=293T, seq=WGS, sample=DigenomeSeq_EMX1


        /home/zhaohuanan/zhaohn_HD/miniconda3/bin/sambamba markdup --remove-duplicates --nthreads= 24 --show-progress  --sort-buffer-size 8192         ../bam/20201117-293T-WGS_.DigenomeSeq_EMX1_Aligned_sortp.mapped_F1804_MAPQ20.bam ../bam/20201117-293T-WGS_.DigenomeSeq_EMX1_Aligned_sortp.mapped_F1804_MAPQ20_rmdup.bam ../bam/20201117-293T-WGS_.DigenomeSeq_EMX1_Aligned_sortp.mapped_F1804_MAPQ20_rmdup.bam.bai
        
Submitted job 17 with external jobid '191496'.
[Tue Nov 17 20:25:07 2020]
Error in rule BAM_index:
    jobid: 19
    output: ../bam/20201117-293T-WGS_.DigenomeSeq_HEK4_Aligned_sortp.mapped_F1804_MAPQ20_rmdup.bam, ../bam/20201117-293T-WGS_.DigenomeSeq_HEK4_Aligned_sortp.mapped_F1804_MAPQ20_rmdup.bam.bai
    shell:
        
        /home/zhaohuanan/zhaohn_HD/miniconda3/bin/sambamba markdup --remove-duplicates --nthreads= 24 --show-progress  --sort-buffer-size 8192         ../bam/20201117-293T-WGS_.DigenomeSeq_HEK4_Aligned_sortp.mapped_F1804_MAPQ20.bam ../bam/20201117-293T-WGS_.DigenomeSeq_HEK4_Aligned_sortp.mapped_F1804_MAPQ20_rmdup.bam ../bam/20201117-293T-WGS_.DigenomeSeq_HEK4_Aligned_sortp.mapped_F1804_MAPQ20_rmdup.bam.bai
        
        (one of the commands exited with non-zero exit code; note that snakemake uses bash strict mode!)
    cluster_jobid: 191495

Error executing rule BAM_index on cluster (jobid: 19, external: 191495, jobscript: /gpfs/user/zhaohuanan/3.project/22.2020-11_1112_JSK_DigenomeSeq_WGS/snakepipes_WGS-BWAmapping/.snakemake/tmp.pj493_fi/snakejob.BAM_index.19.sh). For error details see the cluster log and the log files of the involved rule(s).
Trying to restart job 19.

[Tue Nov 17 20:25:07 2020]
rule BAM_index:
    input: ../bam/20201117-293T-WGS_.DigenomeSeq_HEK4_Aligned_sortp.mapped_F1804_MAPQ20.bam
    output: ../bam/20201117-293T-WGS_.DigenomeSeq_HEK4_Aligned_sortp.mapped_F1804_MAPQ20_rmdup.bam, ../bam/20201117-293T-WGS_.DigenomeSeq_HEK4_Aligned_sortp.mapped_F1804_MAPQ20_rmdup.bam.bai
    jobid: 19
    reason: Missing output files: ../bam/20201117-293T-WGS_.DigenomeSeq_HEK4_Aligned_sortp.mapped_F1804_MAPQ20_rmdup.bam, ../bam/20201117-293T-WGS_.DigenomeSeq_HEK4_Aligned_sortp.mapped_F1804_MAPQ20_rmdup.bam.bai
    wildcards: date=20201117, cell=293T, seq=WGS, sample=DigenomeSeq_HEK4


        /home/zhaohuanan/zhaohn_HD/miniconda3/bin/sambamba markdup --remove-duplicates --nthreads= 24 --show-progress  --sort-buffer-size 8192         ../bam/20201117-293T-WGS_.DigenomeSeq_HEK4_Aligned_sortp.mapped_F1804_MAPQ20.bam ../bam/20201117-293T-WGS_.DigenomeSeq_HEK4_Aligned_sortp.mapped_F1804_MAPQ20_rmdup.bam ../bam/20201117-293T-WGS_.DigenomeSeq_HEK4_Aligned_sortp.mapped_F1804_MAPQ20_rmdup.bam.bai
        
[Tue Nov 17 20:25:07 2020]
Error in rule BAM_index:
    jobid: 17
    output: ../bam/20201117-293T-WGS_.DigenomeSeq_EMX1_Aligned_sortp.mapped_F1804_MAPQ20_rmdup.bam, ../bam/20201117-293T-WGS_.DigenomeSeq_EMX1_Aligned_sortp.mapped_F1804_MAPQ20_rmdup.bam.bai
    shell:
        
        /home/zhaohuanan/zhaohn_HD/miniconda3/bin/sambamba markdup --remove-duplicates --nthreads= 24 --show-progress  --sort-buffer-size 8192         ../bam/20201117-293T-WGS_.DigenomeSeq_EMX1_Aligned_sortp.mapped_F1804_MAPQ20.bam ../bam/20201117-293T-WGS_.DigenomeSeq_EMX1_Aligned_sortp.mapped_F1804_MAPQ20_rmdup.bam ../bam/20201117-293T-WGS_.DigenomeSeq_EMX1_Aligned_sortp.mapped_F1804_MAPQ20_rmdup.bam.bai
        
        (one of the commands exited with non-zero exit code; note that snakemake uses bash strict mode!)
    cluster_jobid: 191496

Error executing rule BAM_index on cluster (jobid: 17, external: 191496, jobscript: /gpfs/user/zhaohuanan/3.project/22.2020-11_1112_JSK_DigenomeSeq_WGS/snakepipes_WGS-BWAmapping/.snakemake/tmp.pj493_fi/snakejob.BAM_index.17.sh). For error details see the cluster log and the log files of the involved rule(s).
Trying to restart job 17.
Submitted job 19 with external jobid '191497'.

[Tue Nov 17 20:25:07 2020]
rule BAM_index:
    input: ../bam/20201117-293T-WGS_.DigenomeSeq_EMX1_Aligned_sortp.mapped_F1804_MAPQ20.bam
    output: ../bam/20201117-293T-WGS_.DigenomeSeq_EMX1_Aligned_sortp.mapped_F1804_MAPQ20_rmdup.bam, ../bam/20201117-293T-WGS_.DigenomeSeq_EMX1_Aligned_sortp.mapped_F1804_MAPQ20_rmdup.bam.bai
    jobid: 17
    reason: Missing output files: ../bam/20201117-293T-WGS_.DigenomeSeq_EMX1_Aligned_sortp.mapped_F1804_MAPQ20_rmdup.bam, ../bam/20201117-293T-WGS_.DigenomeSeq_EMX1_Aligned_sortp.mapped_F1804_MAPQ20_rmdup.bam.bai
    wildcards: date=20201117, cell=293T, seq=WGS, sample=DigenomeSeq_EMX1


        /home/zhaohuanan/zhaohn_HD/miniconda3/bin/sambamba markdup --remove-duplicates --nthreads= 24 --show-progress  --sort-buffer-size 8192         ../bam/20201117-293T-WGS_.DigenomeSeq_EMX1_Aligned_sortp.mapped_F1804_MAPQ20.bam ../bam/20201117-293T-WGS_.DigenomeSeq_EMX1_Aligned_sortp.mapped_F1804_MAPQ20_rmdup.bam ../bam/20201117-293T-WGS_.DigenomeSeq_EMX1_Aligned_sortp.mapped_F1804_MAPQ20_rmdup.bam.bai
        
Submitted job 17 with external jobid '191498'.
Terminating processes on user request, this might take some time.
Will exit after finishing currently running jobs.
Cancelling snakemake on user request.
